<?xml version="1.0" encoding="UTF-8" ?>
<testsuite tests="30" failures="0" name="com.sg.superherosightingsapp.service.SuperHeroSightingsServiceLayerTest" time="0.003" errors="0" skipped="0">
  <properties>
    <property name="java.runtime.name" value="Java(TM) SE Runtime Environment"/>
    <property name="sun.boot.library.path" value="/usr/lib/jvm/java-8-oracle/jre/lib/amd64"/>
    <property name="java.vm.version" value="25.121-b13"/>
    <property name="java.vm.vendor" value="Oracle Corporation"/>
    <property name="maven.multiModuleProjectDirectory" value="/home/softwareguild/Documents/bitbucket2/new-lindsey-brown-individual-work/SuperHeroSightingsApp"/>
    <property name="java.vendor.url" value="http://java.oracle.com/"/>
    <property name="path.separator" value=":"/>
    <property name="guice.disable.misplaced.annotation.check" value="true"/>
    <property name="java.vm.name" value="Java HotSpot(TM) 64-Bit Server VM"/>
    <property name="file.encoding.pkg" value="sun.io"/>
    <property name="user.country" value="US"/>
    <property name="sun.java.launcher" value="SUN_STANDARD"/>
    <property name="sun.os.patch.level" value="unknown"/>
    <property name="java.vm.specification.name" value="Java Virtual Machine Specification"/>
    <property name="user.dir" value="/home/softwareguild/Documents/bitbucket2/new-lindsey-brown-individual-work/SuperHeroSightingsApp"/>
    <property name="java.runtime.version" value="1.8.0_121-b13"/>
    <property name="netbeans.deploy" value="true"/>
    <property name="java.awt.graphicsenv" value="sun.awt.X11GraphicsEnvironment"/>
    <property name="java.endorsed.dirs" value="/usr/lib/jvm/java-8-oracle/jre/lib/endorsed"/>
    <property name="os.arch" value="amd64"/>
    <property name="java.io.tmpdir" value="/tmp"/>
    <property name="line.separator" value="
"/>
    <property name="java.vm.specification.vendor" value="Oracle Corporation"/>
    <property name="os.name" value="Linux"/>
    <property name="maven.ext.class.path" value="/home/softwareguild/netbeans-8.1/java/maven-nblib/netbeans-eventspy.jar"/>
    <property name="classworlds.conf" value="/home/softwareguild/apache-maven-3.5.0/bin/m2.conf"/>
    <property name="sun.jnu.encoding" value="UTF-8"/>
    <property name="java.library.path" value="/usr/lib/jvm/java-8-oracle/jre/lib/amd64:/usr/lib/jvm/java-8-oracle/jre/lib/i386::/usr/java/packages/lib/amd64:/usr/lib64:/lib64:/lib:/usr/lib"/>
    <property name="maven.conf" value="/home/softwareguild/apache-maven-3.5.0/conf"/>
    <property name="java.specification.name" value="Java Platform API Specification"/>
    <property name="java.class.version" value="52.0"/>
    <property name="sun.management.compiler" value="HotSpot 64-Bit Tiered Compilers"/>
    <property name="os.version" value="4.4.0-103-generic"/>
    <property name="library.jansi.path" value="/home/softwareguild/apache-maven-3.5.0/lib/jansi-native/linux64"/>
    <property name="user.home" value="/home/softwareguild"/>
    <property name="user.timezone" value="America/New_York"/>
    <property name="java.awt.printerjob" value="sun.print.PSPrinterJob"/>
    <property name="java.specification.version" value="1.8"/>
    <property name="file.encoding" value="UTF-8"/>
    <property name="user.name" value="softwareguild"/>
    <property name="java.class.path" value="/home/softwareguild/apache-maven-3.5.0/boot/plexus-classworlds-2.5.2.jar"/>
    <property name="java.vm.specification.version" value="1.8"/>
    <property name="sun.arch.data.model" value="64"/>
    <property name="java.home" value="/usr/lib/jvm/java-8-oracle/jre"/>
    <property name="sun.java.command" value="org.codehaus.plexus.classworlds.launcher.Launcher -Dnetbeans.deploy=true -Dmaven.ext.class.path=/home/softwareguild/netbeans-8.1/java/maven-nblib/netbeans-eventspy.jar package"/>
    <property name="java.specification.vendor" value="Oracle Corporation"/>
    <property name="user.language" value="en"/>
    <property name="awt.toolkit" value="sun.awt.X11.XToolkit"/>
    <property name="java.vm.info" value="mixed mode"/>
    <property name="java.version" value="1.8.0_121"/>
    <property name="java.ext.dirs" value="/usr/lib/jvm/java-8-oracle/jre/lib/ext:/usr/java/packages/lib/ext"/>
    <property name="securerandom.source" value="file:/dev/./urandom"/>
    <property name="sun.boot.class.path" value="/usr/lib/jvm/java-8-oracle/jre/lib/resources.jar:/usr/lib/jvm/java-8-oracle/jre/lib/rt.jar:/usr/lib/jvm/java-8-oracle/jre/lib/sunrsasign.jar:/usr/lib/jvm/java-8-oracle/jre/lib/jsse.jar:/usr/lib/jvm/java-8-oracle/jre/lib/jce.jar:/usr/lib/jvm/java-8-oracle/jre/lib/charsets.jar:/usr/lib/jvm/java-8-oracle/jre/lib/jfr.jar:/usr/lib/jvm/java-8-oracle/jre/classes"/>
    <property name="java.vendor" value="Oracle Corporation"/>
    <property name="maven.home" value="/home/softwareguild/apache-maven-3.5.0"/>
    <property name="file.separator" value="/"/>
    <property name="java.vendor.url.bug" value="http://bugreport.sun.com/bugreport/"/>
    <property name="sun.cpu.endian" value="little"/>
    <property name="sun.io.unicode.encoding" value="UnicodeLittle"/>
    <property name="sun.desktop" value="gnome"/>
    <property name="sun.cpu.isalist" value=""/>
  </properties>
  <testcase classname="com.sg.superherosightingsapp.service.SuperHeroSightingsServiceLayerTest" name="testDeleteOrganization" time="0"/>
  <testcase classname="com.sg.superherosightingsapp.service.SuperHeroSightingsServiceLayerTest" name="testDeletePower" time="0"/>
  <testcase classname="com.sg.superherosightingsapp.service.SuperHeroSightingsServiceLayerTest" name="testGetAllOrganizations" time="0"/>
  <testcase classname="com.sg.superherosightingsapp.service.SuperHeroSightingsServiceLayerTest" name="testUpdateOrganization" time="0"/>
  <testcase classname="com.sg.superherosightingsapp.service.SuperHeroSightingsServiceLayerTest" name="testDeleteLocation" time="0.001"/>
  <testcase classname="com.sg.superherosightingsapp.service.SuperHeroSightingsServiceLayerTest" name="testGetLocationsBySuperPersonId" time="0"/>
  <testcase classname="com.sg.superherosightingsapp.service.SuperHeroSightingsServiceLayerTest" name="testAddSighting" time="0"/>
  <testcase classname="com.sg.superherosightingsapp.service.SuperHeroSightingsServiceLayerTest" name="testUpdateSuperPerson" time="0"/>
  <testcase classname="com.sg.superherosightingsapp.service.SuperHeroSightingsServiceLayerTest" name="testUpdatePower" time="0"/>
  <testcase classname="com.sg.superherosightingsapp.service.SuperHeroSightingsServiceLayerTest" name="testAddOrganization" time="0"/>
  <testcase classname="com.sg.superherosightingsapp.service.SuperHeroSightingsServiceLayerTest" name="testGetAllSightings" time="0"/>
  <testcase classname="com.sg.superherosightingsapp.service.SuperHeroSightingsServiceLayerTest" name="testGetOrganizationById" time="0"/>
  <testcase classname="com.sg.superherosightingsapp.service.SuperHeroSightingsServiceLayerTest" name="testGetAllSuperPersons" time="0"/>
  <testcase classname="com.sg.superherosightingsapp.service.SuperHeroSightingsServiceLayerTest" name="testAddPower" time="0.001"/>
  <testcase classname="com.sg.superherosightingsapp.service.SuperHeroSightingsServiceLayerTest" name="testGetSightingById" time="0"/>
  <testcase classname="com.sg.superherosightingsapp.service.SuperHeroSightingsServiceLayerTest" name="testGetSuperPersonsByLocationId" time="0.001"/>
  <testcase classname="com.sg.superherosightingsapp.service.SuperHeroSightingsServiceLayerTest" name="testUpdateSighting" time="0"/>
  <testcase classname="com.sg.superherosightingsapp.service.SuperHeroSightingsServiceLayerTest" name="testGetSightingsByDate" time="0"/>
  <testcase classname="com.sg.superherosightingsapp.service.SuperHeroSightingsServiceLayerTest" name="testDeleteSuperPerson" time="0"/>
  <testcase classname="com.sg.superherosightingsapp.service.SuperHeroSightingsServiceLayerTest" name="testAddLocation" time="0"/>
  <testcase classname="com.sg.superherosightingsapp.service.SuperHeroSightingsServiceLayerTest" name="testGetAllPowers" time="0"/>
  <testcase classname="com.sg.superherosightingsapp.service.SuperHeroSightingsServiceLayerTest" name="testGetAllOrganizationsBySuperPersonId" time="0"/>
  <testcase classname="com.sg.superherosightingsapp.service.SuperHeroSightingsServiceLayerTest" name="testDeleteSighting" time="0"/>
  <testcase classname="com.sg.superherosightingsapp.service.SuperHeroSightingsServiceLayerTest" name="testGetAllLocations" time="0"/>
  <testcase classname="com.sg.superherosightingsapp.service.SuperHeroSightingsServiceLayerTest" name="testGetLocationById" time="0"/>
  <testcase classname="com.sg.superherosightingsapp.service.SuperHeroSightingsServiceLayerTest" name="testAddSuperPerson" time="0"/>
  <testcase classname="com.sg.superherosightingsapp.service.SuperHeroSightingsServiceLayerTest" name="testUpdateLocation" time="0"/>
  <testcase classname="com.sg.superherosightingsapp.service.SuperHeroSightingsServiceLayerTest" name="testGetSuperPersonById" time="0"/>
  <testcase classname="com.sg.superherosightingsapp.service.SuperHeroSightingsServiceLayerTest" name="testGetPowerById" time="0"/>
  <testcase classname="com.sg.superherosightingsapp.service.SuperHeroSightingsServiceLayerTest" name="testGetAllSuperPersonsByOrganizationId" time="0"/>
</testsuite>